[INFO] 2016-09-09 15:57:21 [org.springframework.beans.factory.xml.XmlBeanDefinitionReader][315]- Loading XML bean definitions from class path resource [com/sf/sfpp/pcomp/dao/	est-dao.xml]
[ERROR] 2016-09-09 15:57:21 [org.springframework.test.context.TestContextManager][324]- Caught exception while allowing TestExecutionListener [org.springframework.test.context.support.DependencyInjectionTestExecutionListener@5381062e] to prepare test instance [com.sf.sfpp.pcomp.dao.TestPcompSoftwareMapper@3bbce0d6]
java.lang.IllegalStateException: Failed to load ApplicationContext
	at org.springframework.test.context.CacheAwareContextLoaderDelegate.loadContext(CacheAwareContextLoaderDelegate.java:99)
	at org.springframework.test.context.TestContext.getApplicationContext(TestContext.java:122)
	at org.springframework.test.context.support.DependencyInjectionTestExecutionListener.injectDependencies(DependencyInjectionTestExecutionListener.java:109)
	at org.springframework.test.context.support.DependencyInjectionTestExecutionListener.prepareTestInstance(DependencyInjectionTestExecutionListener.java:75)
	at org.springframework.test.context.TestContextManager.prepareTestInstance(TestContextManager.java:321)
	at org.springframework.test.context.junit4.SpringJUnit4ClassRunner.createTest(SpringJUnit4ClassRunner.java:211)
	at org.springframework.test.context.junit4.SpringJUnit4ClassRunner$1.runReflectiveCall(SpringJUnit4ClassRunner.java:288)
	at org.junit.internal.runners.model.ReflectiveCallable.run(ReflectiveCallable.java:15)
	at org.springframework.test.context.junit4.SpringJUnit4ClassRunner.methodBlock(SpringJUnit4ClassRunner.java:284)
	at org.springframework.test.context.junit4.SpringJUnit4ClassRunner.runChild(SpringJUnit4ClassRunner.java:231)
	at org.springframework.test.context.junit4.SpringJUnit4ClassRunner.runChild(SpringJUnit4ClassRunner.java:88)
	at org.junit.runners.ParentRunner$3.run(ParentRunner.java:231)
	at org.junit.runners.ParentRunner$1.schedule(ParentRunner.java:60)
	at org.junit.runners.ParentRunner.runChildren(ParentRunner.java:229)
	at org.junit.runners.ParentRunner.access$000(ParentRunner.java:50)
	at org.junit.runners.ParentRunner$2.evaluate(ParentRunner.java:222)
	at org.springframework.test.context.junit4.statements.RunBeforeTestClassCallbacks.evaluate(RunBeforeTestClassCallbacks.java:61)
	at org.springframework.test.context.junit4.statements.RunAfterTestClassCallbacks.evaluate(RunAfterTestClassCallbacks.java:71)
	at org.junit.runners.ParentRunner.run(ParentRunner.java:300)
	at org.springframework.test.context.junit4.SpringJUnit4ClassRunner.run(SpringJUnit4ClassRunner.java:174)
	at org.junit.runner.JUnitCore.run(JUnitCore.java:157)
	at com.intellij.junit4.JUnit4IdeaTestRunner.startRunnerWithArgs(JUnit4IdeaTestRunner.java:117)
	at com.intellij.junit4.JUnit4IdeaTestRunner.startRunnerWithArgs(JUnit4IdeaTestRunner.java:42)
	at com.intellij.rt.execution.junit.JUnitStarter.prepareStreamsAndStart(JUnitStarter.java:262)
	at com.intellij.rt.execution.junit.JUnitStarter.main(JUnitStarter.java:84)
	at sun.reflect.NativeMethodAccessorImpl.invoke0(Native Method)
	at sun.reflect.NativeMethodAccessorImpl.invoke(NativeMethodAccessorImpl.java:57)
	at sun.reflect.DelegatingMethodAccessorImpl.invoke(DelegatingMethodAccessorImpl.java:43)
	at java.lang.reflect.Method.invoke(Method.java:606)
	at com.intellij.rt.execution.application.AppMain.main(AppMain.java:147)
Caused by: org.springframework.beans.factory.BeanDefinitionStoreException: IOException parsing XML document from class path resource [com/sf/sfpp/pcomp/dao/	est-dao.xml]; nested exception is java.io.FileNotFoundException: class path resource [com/sf/sfpp/pcomp/dao/	est-dao.xml] cannot be opened because it does not exist
	at org.springframework.beans.factory.xml.XmlBeanDefinitionReader.loadBeanDefinitions(XmlBeanDefinitionReader.java:341)
	at org.springframework.beans.factory.xml.XmlBeanDefinitionReader.loadBeanDefinitions(XmlBeanDefinitionReader.java:302)
	at org.springframework.beans.factory.support.AbstractBeanDefinitionReader.loadBeanDefinitions(AbstractBeanDefinitionReader.java:174)
	at org.springframework.beans.factory.support.AbstractBeanDefinitionReader.loadBeanDefinitions(AbstractBeanDefinitionReader.java:209)
	at org.springframework.beans.factory.support.AbstractBeanDefinitionReader.loadBeanDefinitions(AbstractBeanDefinitionReader.java:180)
	at org.springframework.beans.factory.support.AbstractBeanDefinitionReader.loadBeanDefinitions(AbstractBeanDefinitionReader.java:243)
	at org.springframework.test.context.support.AbstractGenericContextLoader.loadBeanDefinitions(AbstractGenericContextLoader.java:233)
	at org.springframework.test.context.support.AbstractGenericContextLoader.loadContext(AbstractGenericContextLoader.java:117)
	at org.springframework.test.context.support.AbstractGenericContextLoader.loadContext(AbstractGenericContextLoader.java:60)
	at org.springframework.test.context.support.AbstractDelegatingSmartContextLoader.delegateLoading(AbstractDelegatingSmartContextLoader.java:100)
	at org.springframework.test.context.support.AbstractDelegatingSmartContextLoader.loadContext(AbstractDelegatingSmartContextLoader.java:248)
	at org.springframework.test.context.CacheAwareContextLoaderDelegate.loadContextInternal(CacheAwareContextLoaderDelegate.java:64)
	at org.springframework.test.context.CacheAwareContextLoaderDelegate.loadContext(CacheAwareContextLoaderDelegate.java:91)
	... 29 more
Caused by: java.io.FileNotFoundException: class path resource [com/sf/sfpp/pcomp/dao/	est-dao.xml] cannot be opened because it does not exist
	at org.springframework.core.io.ClassPathResource.getInputStream(ClassPathResource.java:171)
	at org.springframework.beans.factory.xml.XmlBeanDefinitionReader.loadBeanDefinitions(XmlBeanDefinitionReader.java:328)
	... 41 more
[INFO] 2016-09-09 15:57:33 [org.springframework.beans.factory.xml.XmlBeanDefinitionReader][315]- Loading XML bean definitions from class path resource [test-dao.xml]
[INFO] 2016-09-09 15:57:34 [org.springframework.beans.factory.xml.XmlBeanDefinitionReader][315]- Loading XML bean definitions from file [E:\IdeaWorkplace\sfpp\sfpp-pcomp\sfpp-pcomp-dao\target\classes\META-INF\spring\spring-config-datasource-tx.xml]
[INFO] 2016-09-09 15:57:34 [org.springframework.beans.factory.xml.XmlBeanDefinitionReader][315]- Loading XML bean definitions from file [E:\IdeaWorkplace\sfpp\sfpp-pcomp\sfpp-pcomp-dao\target\classes\META-INF\spring\spring-config-datasource.xml]
[INFO] 2016-09-09 15:57:34 [org.springframework.context.support.GenericApplicationContext][510]- Refreshing org.springframework.context.support.GenericApplicationContext@348f4ec: startup date [Fri Sep 09 15:57:34 CST 2016]; root of context hierarchy
[INFO] 2016-09-09 15:57:35 [org.springframework.beans.factory.config.PropertyPlaceholderConfigurer][172]- Loading properties file from class path resource [jdbc.properties]
[INFO] 2016-09-09 15:57:35 [org.springframework.beans.factory.support.DefaultListableBeanFactory][603]- Pre-instantiating singletons in org.springframework.beans.factory.support.DefaultListableBeanFactory@c013862: defining beans [transactionManager,dataAdvice,org.springframework.aop.config.internalAutoProxyCreator,dataPointcut,org.springframework.aop.support.DefaultBeanFactoryPointcutAdvisor#0,dataSource,sqlSessionFactory,org.mybatis.spring.mapper.MapperScannerConfigurer#0,org.springframework.beans.factory.config.PropertyPlaceholderConfigurer#0,org.springframework.context.annotation.internalConfigurationAnnotationProcessor,org.springframework.context.annotation.internalAutowiredAnnotationProcessor,org.springframework.context.annotation.internalRequiredAnnotationProcessor,org.springframework.context.annotation.internalCommonAnnotationProcessor,org.springframework.context.annotation.ConfigurationClassPostProcessor.importAwareProcessor,pcompKindMapper,pcompSoftwareMapper,pcompTitleMapper,pcompVersionDoucumentDownloadMapper,pcompVersionMapper,pcompVersionPlatformDownloadMapper]; root of factory hierarchy
[INFO] 2016-09-09 15:57:36 [com.alibaba.druid.pool.DruidDataSource][721]- {dataSource-1} inited
[INFO] 2016-09-09 15:57:36 [org.springframework.test.context.transaction.TransactionalTestExecutionListener][279]- Began transaction (1): transaction manager [org.springframework.jdbc.datasource.DataSourceTransactionManager@26eb14ba]; rollback [true]
[INFO] 2016-09-09 15:57:37 [org.springframework.test.context.transaction.TransactionalTestExecutionListener][299]- Rolled back transaction after test execution for test context [TestContext@6f052145 testClass = TestPcompSoftwareMapper, testInstance = com.sf.sfpp.pcomp.dao.TestPcompSoftwareMapper@39cb71f4, testMethod = testSelectAllAvailableIdByKindId@TestPcompSoftwareMapper, testException = [null], mergedContextConfiguration = [MergedContextConfiguration@5ba667d0 testClass = TestPcompSoftwareMapper, locations = '{classpath:/test-dao.xml}', classes = '{}', contextInitializerClasses = '[]', activeProfiles = '{}', contextLoader = 'org.springframework.test.context.support.DelegatingSmartContextLoader', parent = [null]]]
[INFO] 2016-09-09 15:57:37 [org.springframework.context.support.GenericApplicationContext][1042]- Closing org.springframework.context.support.GenericApplicationContext@348f4ec: startup date [Fri Sep 09 15:57:34 CST 2016]; root of context hierarchy
[INFO] 2016-09-09 15:57:37 [org.springframework.beans.factory.support.DefaultListableBeanFactory][444]- Destroying singletons in org.springframework.beans.factory.support.DefaultListableBeanFactory@c013862: defining beans [transactionManager,dataAdvice,org.springframework.aop.config.internalAutoProxyCreator,dataPointcut,org.springframework.aop.support.DefaultBeanFactoryPointcutAdvisor#0,dataSource,sqlSessionFactory,org.mybatis.spring.mapper.MapperScannerConfigurer#0,org.springframework.beans.factory.config.PropertyPlaceholderConfigurer#0,org.springframework.context.annotation.internalConfigurationAnnotationProcessor,org.springframework.context.annotation.internalAutowiredAnnotationProcessor,org.springframework.context.annotation.internalRequiredAnnotationProcessor,org.springframework.context.annotation.internalCommonAnnotationProcessor,org.springframework.context.annotation.ConfigurationClassPostProcessor.importAwareProcessor,pcompKindMapper,pcompSoftwareMapper,pcompTitleMapper,pcompVersionDoucumentDownloadMapper,pcompVersionMapper,pcompVersionPlatformDownloadMapper]; root of factory hierarchy
[INFO] 2016-09-09 15:57:37 [com.alibaba.druid.pool.DruidDataSource][1436]- {dataSource-1} closed
[INFO] 2016-09-09 15:58:57 [org.springframework.beans.factory.xml.XmlBeanDefinitionReader][315]- Loading XML bean definitions from class path resource [test-dao.xml]
[INFO] 2016-09-09 15:58:58 [org.springframework.beans.factory.xml.XmlBeanDefinitionReader][315]- Loading XML bean definitions from file [E:\IdeaWorkplace\sfpp\sfpp-pcomp\sfpp-pcomp-dao\target\classes\META-INF\spring\spring-config-datasource-tx.xml]
[INFO] 2016-09-09 15:58:58 [org.springframework.beans.factory.xml.XmlBeanDefinitionReader][315]- Loading XML bean definitions from file [E:\IdeaWorkplace\sfpp\sfpp-pcomp\sfpp-pcomp-dao\target\classes\META-INF\spring\spring-config-datasource.xml]
[INFO] 2016-09-09 15:58:58 [org.springframework.context.support.GenericApplicationContext][510]- Refreshing org.springframework.context.support.GenericApplicationContext@650d1c98: startup date [Fri Sep 09 15:58:58 CST 2016]; root of context hierarchy
[INFO] 2016-09-09 15:58:58 [org.springframework.beans.factory.config.PropertyPlaceholderConfigurer][172]- Loading properties file from class path resource [jdbc.properties]
[INFO] 2016-09-09 15:58:58 [org.springframework.beans.factory.support.DefaultListableBeanFactory][603]- Pre-instantiating singletons in org.springframework.beans.factory.support.DefaultListableBeanFactory@56d96047: defining beans [transactionManager,dataAdvice,org.springframework.aop.config.internalAutoProxyCreator,dataPointcut,org.springframework.aop.support.DefaultBeanFactoryPointcutAdvisor#0,dataSource,sqlSessionFactory,org.mybatis.spring.mapper.MapperScannerConfigurer#0,org.springframework.beans.factory.config.PropertyPlaceholderConfigurer#0,org.springframework.context.annotation.internalConfigurationAnnotationProcessor,org.springframework.context.annotation.internalAutowiredAnnotationProcessor,org.springframework.context.annotation.internalRequiredAnnotationProcessor,org.springframework.context.annotation.internalCommonAnnotationProcessor,org.springframework.context.annotation.ConfigurationClassPostProcessor.importAwareProcessor,pcompKindMapper,pcompSoftwareMapper,pcompTitleMapper,pcompVersionDoucumentDownloadMapper,pcompVersionMapper,pcompVersionPlatformDownloadMapper]; root of factory hierarchy
[INFO] 2016-09-09 15:59:00 [com.alibaba.druid.pool.DruidDataSource][721]- {dataSource-1} inited
[INFO] 2016-09-09 15:59:00 [org.springframework.test.context.transaction.TransactionalTestExecutionListener][279]- Began transaction (1): transaction manager [org.springframework.jdbc.datasource.DataSourceTransactionManager@1b527543]; rollback [true]
[INFO] 2016-09-09 15:59:00 [org.springframework.test.context.transaction.TransactionalTestExecutionListener][299]- Rolled back transaction after test execution for test context [TestContext@6a319d4b testClass = TestPcompSoftwareMapper, testInstance = com.sf.sfpp.pcomp.dao.TestPcompSoftwareMapper@5f4ddd64, testMethod = testSelectAllAvailableIdByKindId@TestPcompSoftwareMapper, testException = java.lang.ClassCastException: java.util.ArrayList cannot be cast to com.github.pagehelper.Page, mergedContextConfiguration = [MergedContextConfiguration@7102011d testClass = TestPcompSoftwareMapper, locations = '{classpath:/test-dao.xml}', classes = '{}', contextInitializerClasses = '[]', activeProfiles = '{}', contextLoader = 'org.springframework.test.context.support.DelegatingSmartContextLoader', parent = [null]]]
[INFO] 2016-09-09 15:59:00 [org.springframework.context.support.GenericApplicationContext][1042]- Closing org.springframework.context.support.GenericApplicationContext@650d1c98: startup date [Fri Sep 09 15:58:58 CST 2016]; root of context hierarchy
[INFO] 2016-09-09 15:59:00 [org.springframework.beans.factory.support.DefaultListableBeanFactory][444]- Destroying singletons in org.springframework.beans.factory.support.DefaultListableBeanFactory@56d96047: defining beans [transactionManager,dataAdvice,org.springframework.aop.config.internalAutoProxyCreator,dataPointcut,org.springframework.aop.support.DefaultBeanFactoryPointcutAdvisor#0,dataSource,sqlSessionFactory,org.mybatis.spring.mapper.MapperScannerConfigurer#0,org.springframework.beans.factory.config.PropertyPlaceholderConfigurer#0,org.springframework.context.annotation.internalConfigurationAnnotationProcessor,org.springframework.context.annotation.internalAutowiredAnnotationProcessor,org.springframework.context.annotation.internalRequiredAnnotationProcessor,org.springframework.context.annotation.internalCommonAnnotationProcessor,org.springframework.context.annotation.ConfigurationClassPostProcessor.importAwareProcessor,pcompKindMapper,pcompSoftwareMapper,pcompTitleMapper,pcompVersionDoucumentDownloadMapper,pcompVersionMapper,pcompVersionPlatformDownloadMapper]; root of factory hierarchy
[INFO] 2016-09-09 15:59:00 [com.alibaba.druid.pool.DruidDataSource][1436]- {dataSource-1} closed
[INFO] 2016-09-09 15:59:55 [org.springframework.beans.factory.xml.XmlBeanDefinitionReader][315]- Loading XML bean definitions from class path resource [test-dao.xml]
[INFO] 2016-09-09 15:59:56 [org.springframework.beans.factory.xml.XmlBeanDefinitionReader][315]- Loading XML bean definitions from file [E:\IdeaWorkplace\sfpp\sfpp-pcomp\sfpp-pcomp-dao\target\classes\META-INF\spring\spring-config-datasource-tx.xml]
[INFO] 2016-09-09 15:59:56 [org.springframework.beans.factory.xml.XmlBeanDefinitionReader][315]- Loading XML bean definitions from file [E:\IdeaWorkplace\sfpp\sfpp-pcomp\sfpp-pcomp-dao\target\classes\META-INF\spring\spring-config-datasource.xml]
[INFO] 2016-09-09 15:59:56 [org.springframework.context.support.GenericApplicationContext][510]- Refreshing org.springframework.context.support.GenericApplicationContext@3fd072fc: startup date [Fri Sep 09 15:59:56 CST 2016]; root of context hierarchy
[INFO] 2016-09-09 15:59:56 [org.springframework.beans.factory.config.PropertyPlaceholderConfigurer][172]- Loading properties file from class path resource [jdbc.properties]
[INFO] 2016-09-09 15:59:57 [org.springframework.beans.factory.support.DefaultListableBeanFactory][603]- Pre-instantiating singletons in org.springframework.beans.factory.support.DefaultListableBeanFactory@5801b03c: defining beans [transactionManager,dataAdvice,org.springframework.aop.config.internalAutoProxyCreator,dataPointcut,org.springframework.aop.support.DefaultBeanFactoryPointcutAdvisor#0,dataSource,sqlSessionFactory,org.mybatis.spring.mapper.MapperScannerConfigurer#0,org.springframework.beans.factory.config.PropertyPlaceholderConfigurer#0,org.springframework.context.annotation.internalConfigurationAnnotationProcessor,org.springframework.context.annotation.internalAutowiredAnnotationProcessor,org.springframework.context.annotation.internalRequiredAnnotationProcessor,org.springframework.context.annotation.internalCommonAnnotationProcessor,org.springframework.context.annotation.ConfigurationClassPostProcessor.importAwareProcessor,pcompKindMapper,pcompSoftwareMapper,pcompTitleMapper,pcompVersionDoucumentDownloadMapper,pcompVersionMapper,pcompVersionPlatformDownloadMapper]; root of factory hierarchy
[INFO] 2016-09-09 15:59:58 [com.alibaba.druid.pool.DruidDataSource][721]- {dataSource-1} inited
[INFO] 2016-09-09 15:59:59 [org.springframework.test.context.transaction.TransactionalTestExecutionListener][279]- Began transaction (1): transaction manager [org.springframework.jdbc.datasource.DataSourceTransactionManager@5e9b2ca3]; rollback [true]
[INFO] 2016-09-09 15:59:59 [org.springframework.test.context.transaction.TransactionalTestExecutionListener][299]- Rolled back transaction after test execution for test context [TestContext@e9a15d9 testClass = TestPcompSoftwareMapper, testInstance = com.sf.sfpp.pcomp.dao.TestPcompSoftwareMapper@2610610c, testMethod = testSelectAllAvailableIdByKindId@TestPcompSoftwareMapper, testException = [null], mergedContextConfiguration = [MergedContextConfiguration@7d536e59 testClass = TestPcompSoftwareMapper, locations = '{classpath:/test-dao.xml}', classes = '{}', contextInitializerClasses = '[]', activeProfiles = '{}', contextLoader = 'org.springframework.test.context.support.DelegatingSmartContextLoader', parent = [null]]]
[INFO] 2016-09-09 15:59:59 [org.springframework.context.support.GenericApplicationContext][1042]- Closing org.springframework.context.support.GenericApplicationContext@3fd072fc: startup date [Fri Sep 09 15:59:56 CST 2016]; root of context hierarchy
[INFO] 2016-09-09 15:59:59 [org.springframework.beans.factory.support.DefaultListableBeanFactory][444]- Destroying singletons in org.springframework.beans.factory.support.DefaultListableBeanFactory@5801b03c: defining beans [transactionManager,dataAdvice,org.springframework.aop.config.internalAutoProxyCreator,dataPointcut,org.springframework.aop.support.DefaultBeanFactoryPointcutAdvisor#0,dataSource,sqlSessionFactory,org.mybatis.spring.mapper.MapperScannerConfigurer#0,org.springframework.beans.factory.config.PropertyPlaceholderConfigurer#0,org.springframework.context.annotation.internalConfigurationAnnotationProcessor,org.springframework.context.annotation.internalAutowiredAnnotationProcessor,org.springframework.context.annotation.internalRequiredAnnotationProcessor,org.springframework.context.annotation.internalCommonAnnotationProcessor,org.springframework.context.annotation.ConfigurationClassPostProcessor.importAwareProcessor,pcompKindMapper,pcompSoftwareMapper,pcompTitleMapper,pcompVersionDoucumentDownloadMapper,pcompVersionMapper,pcompVersionPlatformDownloadMapper]; root of factory hierarchy
[INFO] 2016-09-09 15:59:59 [com.alibaba.druid.pool.DruidDataSource][1436]- {dataSource-1} closed
